2025-05-22T16:57:31.991383Z  INFO tailwindcss_oxide::scanner: Provided sources:
2025-05-22T16:57:31.991446Z  INFO tailwindcss_oxide::scanner: Source: PublicSourceEntry { base: "/Users/mikeblackhat/Spotify-clone v0.0.2", pattern: "**/*", negated: false }
2025-05-22T16:57:31.991491Z  INFO tailwindcss_oxide::scanner: Optimized sources:
2025-05-22T16:57:31.991501Z  INFO tailwindcss_oxide::scanner: Source: Auto { base: "/Users/mikeblackhat/Spotify-clone v0.0.2" }
2025-05-22T16:57:31.992393Z  INFO scan_sources: tailwindcss_oxide::scanner: enter
2025-05-22T16:57:31.992715Z  INFO scan_sources: tailwindcss_oxide::scanner: Discovering "/Users/mikeblackhat/Spotify-clone v0.0.2/types"
2025-05-22T16:57:31.992753Z  INFO scan_sources: tailwindcss_oxide::scanner: Discovering "/Users/mikeblackhat/Spotify-clone v0.0.2/types/mongodb.d.ts"
2025-05-22T16:57:31.992768Z  INFO scan_sources: tailwindcss_oxide::scanner: Discovering "/Users/mikeblackhat/Spotify-clone v0.0.2/types/next-auth.d.ts"
2025-05-22T16:57:31.992780Z  INFO scan_sources: tailwindcss_oxide::scanner: Discovering "/Users/mikeblackhat/Spotify-clone v0.0.2/types/auth.d.ts"
2025-05-22T16:57:31.992801Z  INFO scan_sources: tailwindcss_oxide::scanner: Discovering "/Users/mikeblackhat/Spotify-clone v0.0.2/tailwind.config.js"
2025-05-22T16:57:31.992820Z  INFO scan_sources: tailwindcss_oxide::scanner: Discovering "/Users/mikeblackhat/Spotify-clone v0.0.2/context"
2025-05-22T16:57:31.992854Z  INFO scan_sources: tailwindcss_oxide::scanner: Discovering "/Users/mikeblackhat/Spotify-clone v0.0.2/app"
2025-05-22T16:57:31.992886Z  INFO scan_sources: tailwindcss_oxide::scanner: Discovering "/Users/mikeblackhat/Spotify-clone v0.0.2/app/auth"
2025-05-22T16:57:31.992910Z  INFO scan_sources: tailwindcss_oxide::scanner: Discovering "/Users/mikeblackhat/Spotify-clone v0.0.2/app/auth/signup"
2025-05-22T16:57:31.992930Z  INFO scan_sources: tailwindcss_oxide::scanner: Discovering "/Users/mikeblackhat/Spotify-clone v0.0.2/app/auth/signup/page.tsx"
2025-05-22T16:57:31.992948Z  INFO scan_sources: tailwindcss_oxide::scanner: Discovering "/Users/mikeblackhat/Spotify-clone v0.0.2/app/auth/signin"
2025-05-22T16:57:31.992965Z  INFO scan_sources: tailwindcss_oxide::scanner: Discovering "/Users/mikeblackhat/Spotify-clone v0.0.2/app/auth/signin/page.tsx"
2025-05-22T16:57:31.992984Z  INFO scan_sources: tailwindcss_oxide::scanner: Discovering "/Users/mikeblackhat/Spotify-clone v0.0.2/app/(site)"
2025-05-22T16:57:31.993007Z  INFO scan_sources: tailwindcss_oxide::scanner: Discovering "/Users/mikeblackhat/Spotify-clone v0.0.2/app/(site)/page.tsx"
2025-05-22T16:57:31.993026Z  INFO scan_sources: tailwindcss_oxide::scanner: Discovering "/Users/mikeblackhat/Spotify-clone v0.0.2/app/profile"
2025-05-22T16:57:31.993048Z  INFO scan_sources: tailwindcss_oxide::scanner: Discovering "/Users/mikeblackhat/Spotify-clone v0.0.2/app/profile/page.tsx"
2025-05-22T16:57:31.993062Z  INFO scan_sources: tailwindcss_oxide::scanner: Discovering "/Users/mikeblackhat/Spotify-clone v0.0.2/app/layout.tsx"
2025-05-22T16:57:31.993074Z  INFO scan_sources: tailwindcss_oxide::scanner: Discovering "/Users/mikeblackhat/Spotify-clone v0.0.2/app/scrollbar.css"
2025-05-22T16:57:31.993090Z  INFO scan_sources: tailwindcss_oxide::scanner: Discovering "/Users/mikeblackhat/Spotify-clone v0.0.2/app/api"
2025-05-22T16:57:31.993113Z  INFO scan_sources: tailwindcss_oxide::scanner: Discovering "/Users/mikeblackhat/Spotify-clone v0.0.2/app/api/auth"
2025-05-22T16:57:31.993138Z  INFO scan_sources: tailwindcss_oxide::scanner: Discovering "/Users/mikeblackhat/Spotify-clone v0.0.2/app/api/auth/register"
2025-05-22T16:57:31.993157Z  INFO scan_sources: tailwindcss_oxide::scanner: Discovering "/Users/mikeblackhat/Spotify-clone v0.0.2/app/api/auth/register/route.ts"
2025-05-22T16:57:31.993175Z  INFO scan_sources: tailwindcss_oxide::scanner: Discovering "/Users/mikeblackhat/Spotify-clone v0.0.2/app/api/auth/[...nextauth]"
2025-05-22T16:57:31.993194Z  INFO scan_sources: tailwindcss_oxide::scanner: Discovering "/Users/mikeblackhat/Spotify-clone v0.0.2/app/api/auth/[...nextauth]/route.ts"
2025-05-22T16:57:31.993218Z  INFO scan_sources: tailwindcss_oxide::scanner: Discovering "/Users/mikeblackhat/Spotify-clone v0.0.2/app/account"
2025-05-22T16:57:31.993234Z  INFO scan_sources: tailwindcss_oxide::scanner: Discovering "/Users/mikeblackhat/Spotify-clone v0.0.2/app/account/page.tsx"
2025-05-22T16:57:31.993250Z  INFO scan_sources: tailwindcss_oxide::scanner: Discovering "/Users/mikeblackhat/Spotify-clone v0.0.2/app/(auth)"
2025-05-22T16:57:31.993269Z  INFO scan_sources: tailwindcss_oxide::scanner: Discovering "/Users/mikeblackhat/Spotify-clone v0.0.2/app/(auth)/layout.tsx"
2025-05-22T16:57:31.993281Z  INFO scan_sources: tailwindcss_oxide::scanner: Discovering "/Users/mikeblackhat/Spotify-clone v0.0.2/app/globals.css"
2025-05-22T16:57:31.993289Z  INFO scan_sources: tailwindcss_oxide::scanner: Discovering "/Users/mikeblackhat/Spotify-clone v0.0.2/app/providers.tsx"
2025-05-22T16:57:31.993299Z  INFO scan_sources: tailwindcss_oxide::scanner: Discovering "/Users/mikeblackhat/Spotify-clone v0.0.2/auth.config.ts"
2025-05-22T16:57:31.993313Z  INFO scan_sources: tailwindcss_oxide::scanner: Discovering "/Users/mikeblackhat/Spotify-clone v0.0.2/config"
2025-05-22T16:57:31.993337Z  INFO scan_sources: tailwindcss_oxide::scanner: Discovering "/Users/mikeblackhat/Spotify-clone v0.0.2/postcss.config.mjs"
2025-05-22T16:57:31.993366Z  INFO scan_sources: tailwindcss_oxide::scanner: Discovering "/Users/mikeblackhat/Spotify-clone v0.0.2/env.d.ts"
2025-05-22T16:57:31.993380Z  INFO scan_sources: tailwindcss_oxide::scanner: Discovering "/Users/mikeblackhat/Spotify-clone v0.0.2/models"
2025-05-22T16:57:31.993426Z  INFO scan_sources: tailwindcss_oxide::scanner: Discovering "/Users/mikeblackhat/Spotify-clone v0.0.2/README.md"
2025-05-22T16:57:31.993441Z  INFO scan_sources: tailwindcss_oxide::scanner: Discovering "/Users/mikeblackhat/Spotify-clone v0.0.2/components"
2025-05-22T16:57:31.993467Z  INFO scan_sources: tailwindcss_oxide::scanner: Discovering "/Users/mikeblackhat/Spotify-clone v0.0.2/components/ui"
2025-05-22T16:57:31.993485Z  INFO scan_sources: tailwindcss_oxide::scanner: Discovering "/Users/mikeblackhat/Spotify-clone v0.0.2/components/UserProfile.tsx"
2025-05-22T16:57:31.993495Z  INFO scan_sources: tailwindcss_oxide::scanner: Discovering "/Users/mikeblackhat/Spotify-clone v0.0.2/components/Topbar.tsx"
2025-05-22T16:57:31.993506Z  INFO scan_sources: tailwindcss_oxide::scanner: Discovering "/Users/mikeblackhat/Spotify-clone v0.0.2/components/Library.tsx"
2025-05-22T16:57:31.993517Z  INFO scan_sources: tailwindcss_oxide::scanner: Discovering "/Users/mikeblackhat/Spotify-clone v0.0.2/components/HomeContent.tsx"
2025-05-22T16:57:31.993529Z  INFO scan_sources: tailwindcss_oxide::scanner: Discovering "/Users/mikeblackhat/Spotify-clone v0.0.2/components/Sidebar.tsx"
2025-05-22T16:57:31.993541Z  INFO scan_sources: tailwindcss_oxide::scanner: Discovering "/Users/mikeblackhat/Spotify-clone v0.0.2/components/Box.tsx"
2025-05-22T16:57:31.993553Z  INFO scan_sources: tailwindcss_oxide::scanner: Discovering "/Users/mikeblackhat/Spotify-clone v0.0.2/components/SidebarItem.tsx"
2025-05-22T16:57:31.993564Z  INFO scan_sources: tailwindcss_oxide::scanner: Discovering "/Users/mikeblackhat/Spotify-clone v0.0.2/components/Rightbar.tsx"
2025-05-22T16:57:31.993576Z  INFO scan_sources: tailwindcss_oxide::scanner: Discovering "/Users/mikeblackhat/Spotify-clone v0.0.2/components/FooterPlayer.tsx"
2025-05-22T16:57:31.993593Z  INFO scan_sources: tailwindcss_oxide::scanner: Discovering "/Users/mikeblackhat/Spotify-clone v0.0.2/public"
2025-05-22T16:57:31.993615Z  INFO scan_sources: tailwindcss_oxide::scanner: Discovering "/Users/mikeblackhat/Spotify-clone v0.0.2/public/songs"
2025-05-22T16:57:31.993635Z  INFO scan_sources: tailwindcss_oxide::scanner: Discovering "/Users/mikeblackhat/Spotify-clone v0.0.2/public/file.svg"
2025-05-22T16:57:31.993647Z  INFO scan_sources: tailwindcss_oxide::scanner: Discovering "/Users/mikeblackhat/Spotify-clone v0.0.2/public/vercel.svg"
2025-05-22T16:57:31.993657Z  INFO scan_sources: tailwindcss_oxide::scanner: Discovering "/Users/mikeblackhat/Spotify-clone v0.0.2/public/next.svg"
2025-05-22T16:57:31.993671Z  INFO scan_sources: tailwindcss_oxide::scanner: Discovering "/Users/mikeblackhat/Spotify-clone v0.0.2/public/globe.svg"
2025-05-22T16:57:31.993682Z  INFO scan_sources: tailwindcss_oxide::scanner: Discovering "/Users/mikeblackhat/Spotify-clone v0.0.2/public/window.svg"
2025-05-22T16:57:31.993706Z  INFO scan_sources: tailwindcss_oxide::scanner: Discovering "/Users/mikeblackhat/Spotify-clone v0.0.2/package.json"
2025-05-22T16:57:31.993722Z  INFO scan_sources: tailwindcss_oxide::scanner: Discovering "/Users/mikeblackhat/Spotify-clone v0.0.2/hooks"
2025-05-22T16:57:31.993741Z  INFO scan_sources: tailwindcss_oxide::scanner: Discovering "/Users/mikeblackhat/Spotify-clone v0.0.2/hooks/useUser.ts"
2025-05-22T16:57:31.993758Z  INFO scan_sources: tailwindcss_oxide::scanner: Discovering "/Users/mikeblackhat/Spotify-clone v0.0.2/scripts"
2025-05-22T16:57:31.993775Z  INFO scan_sources: tailwindcss_oxide::scanner: Discovering "/Users/mikeblackhat/Spotify-clone v0.0.2/scripts/testLogin.js"
2025-05-22T16:57:31.993783Z  INFO scan_sources: tailwindcss_oxide::scanner: Discovering "/Users/mikeblackhat/Spotify-clone v0.0.2/scripts/registerUser.js"
2025-05-22T16:57:31.993799Z  INFO scan_sources: tailwindcss_oxide::scanner: Discovering "/Users/mikeblackhat/Spotify-clone v0.0.2/lib"
2025-05-22T16:57:31.993814Z  INFO scan_sources: tailwindcss_oxide::scanner: Discovering "/Users/mikeblackhat/Spotify-clone v0.0.2/lib/mongodb.ts"
2025-05-22T16:57:31.993822Z  INFO scan_sources: tailwindcss_oxide::scanner: Discovering "/Users/mikeblackhat/Spotify-clone v0.0.2/lib/auth.ts"
2025-05-22T16:57:31.993835Z  INFO scan_sources: tailwindcss_oxide::scanner: Discovering "/Users/mikeblackhat/Spotify-clone v0.0.2/tsconfig.json"
2025-05-22T16:57:31.993864Z  INFO scan_sources: tailwindcss_oxide::scanner: Discovering "/Users/mikeblackhat/Spotify-clone v0.0.2/.vscode"
2025-05-22T16:57:31.993883Z  INFO scan_sources: tailwindcss_oxide::scanner: Discovering "/Users/mikeblackhat/Spotify-clone v0.0.2/.vscode/settings.json"
2025-05-22T16:57:31.993899Z  INFO scan_sources: tailwindcss_oxide::scanner: Discovering "/Users/mikeblackhat/Spotify-clone v0.0.2/pages"
2025-05-22T16:57:31.993917Z  INFO scan_sources: tailwindcss_oxide::scanner: Discovering "/Users/mikeblackhat/Spotify-clone v0.0.2/eslint.config.mjs"
2025-05-22T16:57:31.993926Z  INFO scan_sources: tailwindcss_oxide::scanner: Discovering "/Users/mikeblackhat/Spotify-clone v0.0.2/auth.ts"
2025-05-22T16:57:31.993936Z  INFO scan_sources: tailwindcss_oxide::scanner: Discovering "/Users/mikeblackhat/Spotify-clone v0.0.2/next.config.ts"
2025-05-22T16:57:31.993967Z  INFO scan_sources: tailwindcss_oxide::scanner: exit
2025-05-22T16:57:31.993971Z  INFO extract_candidates: tailwindcss_oxide::scanner: enter
2025-05-22T16:57:31.993974Z  INFO extract_candidates:read_all_files: tailwindcss_oxide::scanner: enter
2025-05-22T16:57:31.993977Z  INFO extract_candidates:read_all_files: tailwindcss_oxide::scanner: Reading 43 file(s)
2025-05-22T16:57:31.994214Z  INFO tailwindcss_oxide::scanner: Reading "/Users/mikeblackhat/Spotify-clone v0.0.2/postcss.config.mjs"
2025-05-22T16:57:31.994237Z  INFO tailwindcss_oxide::scanner: Reading "/Users/mikeblackhat/Spotify-clone v0.0.2/app/auth/signin/page.tsx"
2025-05-22T16:57:31.994298Z  INFO tailwindcss_oxide::scanner: Reading "/Users/mikeblackhat/Spotify-clone v0.0.2/app/(site)/page.tsx"
2025-05-22T16:57:31.994362Z  INFO tailwindcss_oxide::scanner: Reading "/Users/mikeblackhat/Spotify-clone v0.0.2/README.md"
2025-05-22T16:57:31.994401Z  INFO tailwindcss_oxide::scanner: Reading "/Users/mikeblackhat/Spotify-clone v0.0.2/app/api/auth/[...nextauth]/route.ts"
2025-05-22T16:57:31.995163Z  INFO tailwindcss_oxide::scanner: Reading "/Users/mikeblackhat/Spotify-clone v0.0.2/types/next-auth.d.ts"
2025-05-22T16:57:31.995171Z  INFO tailwindcss_oxide::scanner: Reading "/Users/mikeblackhat/Spotify-clone v0.0.2/app/(auth)/layout.tsx"
2025-05-22T16:57:31.995207Z  INFO tailwindcss_oxide::scanner: Reading "/Users/mikeblackhat/Spotify-clone v0.0.2/types/auth.d.ts"
2025-05-22T16:57:31.995225Z  INFO tailwindcss_oxide::scanner: Reading "/Users/mikeblackhat/Spotify-clone v0.0.2/components/UserProfile.tsx"
2025-05-22T16:57:31.995237Z  INFO tailwindcss_oxide::scanner: Reading "/Users/mikeblackhat/Spotify-clone v0.0.2/components/Topbar.tsx"
2025-05-22T16:57:31.995245Z  INFO tailwindcss_oxide::scanner: Reading "/Users/mikeblackhat/Spotify-clone v0.0.2/components/HomeContent.tsx"
2025-05-22T16:57:31.995222Z  INFO tailwindcss_oxide::scanner: Reading "/Users/mikeblackhat/Spotify-clone v0.0.2/components/Library.tsx"
2025-05-22T16:57:31.995289Z  INFO tailwindcss_oxide::scanner: Reading "/Users/mikeblackhat/Spotify-clone v0.0.2/components/FooterPlayer.tsx"
2025-05-22T16:57:31.995181Z  INFO tailwindcss_oxide::scanner: Reading "/Users/mikeblackhat/Spotify-clone v0.0.2/app/profile/page.tsx"
2025-05-22T16:57:31.995251Z  INFO tailwindcss_oxide::scanner: Reading "/Users/mikeblackhat/Spotify-clone v0.0.2/env.d.ts"
2025-05-22T16:57:31.995265Z  INFO tailwindcss_oxide::scanner: Reading "/Users/mikeblackhat/Spotify-clone v0.0.2/package.json"
2025-05-22T16:57:31.995357Z  INFO tailwindcss_oxide::scanner: Reading "/Users/mikeblackhat/Spotify-clone v0.0.2/hooks/useUser.ts"
2025-05-22T16:57:31.995170Z  INFO tailwindcss_oxide::scanner: Reading "/Users/mikeblackhat/Spotify-clone v0.0.2/types/mongodb.d.ts"
2025-05-22T16:57:31.995375Z  INFO tailwindcss_oxide::scanner: Reading "/Users/mikeblackhat/Spotify-clone v0.0.2/app/providers.tsx"
2025-05-22T16:57:31.995332Z  INFO tailwindcss_oxide::scanner: Reading "/Users/mikeblackhat/Spotify-clone v0.0.2/app/layout.tsx"
2025-05-22T16:57:31.995412Z  INFO tailwindcss_oxide::scanner: Reading "/Users/mikeblackhat/Spotify-clone v0.0.2/auth.config.ts"
2025-05-22T16:57:31.995214Z  INFO tailwindcss_oxide::scanner: Reading "/Users/mikeblackhat/Spotify-clone v0.0.2/app/account/page.tsx"
2025-05-22T16:57:31.995418Z  INFO tailwindcss_oxide::scanner: Reading "/Users/mikeblackhat/Spotify-clone v0.0.2/tailwind.config.js"
2025-05-22T16:57:31.995456Z  INFO tailwindcss_oxide::scanner: Reading "/Users/mikeblackhat/Spotify-clone v0.0.2/components/Sidebar.tsx"
2025-05-22T16:57:31.995443Z  INFO tailwindcss_oxide::scanner: Reading "/Users/mikeblackhat/Spotify-clone v0.0.2/eslint.config.mjs"
2025-05-22T16:57:31.995477Z  INFO tailwindcss_oxide::scanner: Reading "/Users/mikeblackhat/Spotify-clone v0.0.2/lib/auth.ts"
2025-05-22T16:57:31.995314Z  INFO tailwindcss_oxide::scanner: Reading "/Users/mikeblackhat/Spotify-clone v0.0.2/public/file.svg"
2025-05-22T16:57:31.995503Z  INFO tailwindcss_oxide::scanner: Reading "/Users/mikeblackhat/Spotify-clone v0.0.2/.vscode/settings.json"
2025-05-22T16:57:31.995526Z  INFO tailwindcss_oxide::scanner: Reading "/Users/mikeblackhat/Spotify-clone v0.0.2/public/vercel.svg"
2025-05-22T16:57:31.995557Z  INFO tailwindcss_oxide::scanner: Reading "/Users/mikeblackhat/Spotify-clone v0.0.2/public/globe.svg"
2025-05-22T16:57:31.995494Z  INFO tailwindcss_oxide::scanner: Reading "/Users/mikeblackhat/Spotify-clone v0.0.2/components/Box.tsx"
2025-05-22T16:57:31.995456Z  INFO tailwindcss_oxide::scanner: Reading "/Users/mikeblackhat/Spotify-clone v0.0.2/tsconfig.json"
2025-05-22T16:57:31.995582Z  INFO tailwindcss_oxide::scanner: Reading "/Users/mikeblackhat/Spotify-clone v0.0.2/public/window.svg"
2025-05-22T16:57:31.995594Z  INFO tailwindcss_oxide::scanner: Reading "/Users/mikeblackhat/Spotify-clone v0.0.2/app/api/auth/register/route.ts"
2025-05-22T16:57:31.995480Z  INFO tailwindcss_oxide::scanner: Reading "/Users/mikeblackhat/Spotify-clone v0.0.2/public/next.svg"
2025-05-22T16:57:31.995564Z  INFO tailwindcss_oxide::scanner: Reading "/Users/mikeblackhat/Spotify-clone v0.0.2/scripts/registerUser.js"
2025-05-22T16:57:31.995495Z  INFO tailwindcss_oxide::scanner: Reading "/Users/mikeblackhat/Spotify-clone v0.0.2/scripts/testLogin.js"
2025-05-22T16:57:31.995594Z  INFO tailwindcss_oxide::scanner: Reading "/Users/mikeblackhat/Spotify-clone v0.0.2/components/SidebarItem.tsx"
2025-05-22T16:57:31.995477Z  INFO tailwindcss_oxide::scanner: Reading "/Users/mikeblackhat/Spotify-clone v0.0.2/app/auth/signup/page.tsx"
2025-05-22T16:57:31.995617Z  INFO tailwindcss_oxide::scanner: Reading "/Users/mikeblackhat/Spotify-clone v0.0.2/auth.ts"
2025-05-22T16:57:31.995606Z  INFO tailwindcss_oxide::scanner: Reading "/Users/mikeblackhat/Spotify-clone v0.0.2/next.config.ts"
2025-05-22T16:57:31.995684Z  INFO tailwindcss_oxide::scanner: Reading "/Users/mikeblackhat/Spotify-clone v0.0.2/lib/mongodb.ts"
2025-05-22T16:57:31.995761Z  INFO tailwindcss_oxide::scanner: Reading "/Users/mikeblackhat/Spotify-clone v0.0.2/components/Rightbar.tsx"
2025-05-22T16:57:31.995836Z  INFO extract_candidates:read_all_files: tailwindcss_oxide::scanner: exit
2025-05-22T16:57:31.995842Z  INFO extract_candidates:parse_all_blobs: tailwindcss_oxide::scanner: enter
2025-05-22T16:57:31.995845Z  INFO extract_candidates:parse_all_blobs:extract: tailwindcss_oxide::scanner: enter
2025-05-22T16:57:31.996398Z  INFO extract_candidates:parse_all_blobs:extract: tailwindcss_oxide::scanner: exit
2025-05-22T16:57:31.996411Z  INFO extract_candidates:parse_all_blobs: tailwindcss_oxide::scanner: exit
2025-05-22T16:57:31.996418Z  INFO extract_candidates:read_all_files: tailwindcss_oxide::scanner: enter
2025-05-22T16:57:31.996420Z  INFO extract_candidates:read_all_files: tailwindcss_oxide::scanner: Reading 2 file(s)
2025-05-22T16:57:31.996450Z  INFO tailwindcss_oxide::scanner: Reading "/Users/mikeblackhat/Spotify-clone v0.0.2/app/scrollbar.css"
2025-05-22T16:57:31.996478Z  INFO tailwindcss_oxide::scanner: Reading "/Users/mikeblackhat/Spotify-clone v0.0.2/app/globals.css"
2025-05-22T16:57:31.996501Z  INFO extract_candidates:read_all_files: tailwindcss_oxide::scanner: exit
2025-05-22T16:57:31.996513Z  INFO extract_candidates:extract_css_variables: tailwindcss_oxide::scanner: enter
2025-05-22T16:57:31.996517Z  INFO extract_candidates:extract_css_variables:extract: tailwindcss_oxide::scanner: enter
2025-05-22T16:57:31.996657Z  INFO extract_candidates:extract_css_variables:extract: tailwindcss_oxide::scanner: exit
2025-05-22T16:57:31.996667Z  INFO extract_candidates:extract_css_variables: tailwindcss_oxide::scanner: exit
2025-05-22T16:57:31.996914Z  INFO extract_candidates: tailwindcss_oxide::scanner: exit
2025-05-22T16:57:31.997304Z  INFO get_files: tailwindcss_oxide::scanner: enter
2025-05-22T16:57:31.997309Z  INFO get_files:scan_sources: tailwindcss_oxide::scanner: enter
2025-05-22T16:57:31.997695Z  INFO get_files:scan_sources: tailwindcss_oxide::scanner: Discovering "/Users/mikeblackhat/Spotify-clone v0.0.2/types"
2025-05-22T16:57:31.997784Z  INFO get_files:scan_sources: tailwindcss_oxide::scanner: Discovering "/Users/mikeblackhat/Spotify-clone v0.0.2/context"
2025-05-22T16:57:31.997829Z  INFO get_files:scan_sources: tailwindcss_oxide::scanner: Discovering "/Users/mikeblackhat/Spotify-clone v0.0.2/app"
2025-05-22T16:57:31.997860Z  INFO get_files:scan_sources: tailwindcss_oxide::scanner: Discovering "/Users/mikeblackhat/Spotify-clone v0.0.2/app/auth"
2025-05-22T16:57:31.997889Z  INFO get_files:scan_sources: tailwindcss_oxide::scanner: Discovering "/Users/mikeblackhat/Spotify-clone v0.0.2/app/auth/signup"
2025-05-22T16:57:31.997923Z  INFO get_files:scan_sources: tailwindcss_oxide::scanner: Discovering "/Users/mikeblackhat/Spotify-clone v0.0.2/app/auth/signin"
2025-05-22T16:57:31.997956Z  INFO get_files:scan_sources: tailwindcss_oxide::scanner: Discovering "/Users/mikeblackhat/Spotify-clone v0.0.2/app/(site)"
2025-05-22T16:57:31.997994Z  INFO get_files:scan_sources: tailwindcss_oxide::scanner: Discovering "/Users/mikeblackhat/Spotify-clone v0.0.2/app/profile"
2025-05-22T16:57:31.998048Z  INFO get_files:scan_sources: tailwindcss_oxide::scanner: Discovering "/Users/mikeblackhat/Spotify-clone v0.0.2/app/api"
2025-05-22T16:57:31.998078Z  INFO get_files:scan_sources: tailwindcss_oxide::scanner: Discovering "/Users/mikeblackhat/Spotify-clone v0.0.2/app/api/auth"
2025-05-22T16:57:31.998103Z  INFO get_files:scan_sources: tailwindcss_oxide::scanner: Discovering "/Users/mikeblackhat/Spotify-clone v0.0.2/app/api/auth/register"
2025-05-22T16:57:31.998138Z  INFO get_files:scan_sources: tailwindcss_oxide::scanner: Discovering "/Users/mikeblackhat/Spotify-clone v0.0.2/app/api/auth/[...nextauth]"
2025-05-22T16:57:31.998189Z  INFO get_files:scan_sources: tailwindcss_oxide::scanner: Discovering "/Users/mikeblackhat/Spotify-clone v0.0.2/app/account"
2025-05-22T16:57:31.998220Z  INFO get_files:scan_sources: tailwindcss_oxide::scanner: Discovering "/Users/mikeblackhat/Spotify-clone v0.0.2/app/(auth)"
2025-05-22T16:57:31.998270Z  INFO get_files:scan_sources: tailwindcss_oxide::scanner: Discovering "/Users/mikeblackhat/Spotify-clone v0.0.2/config"
2025-05-22T16:57:31.998331Z  INFO get_files:scan_sources: tailwindcss_oxide::scanner: Discovering "/Users/mikeblackhat/Spotify-clone v0.0.2/models"
2025-05-22T16:57:31.998389Z  INFO get_files:scan_sources: tailwindcss_oxide::scanner: Discovering "/Users/mikeblackhat/Spotify-clone v0.0.2/components"
2025-05-22T16:57:31.998417Z  INFO get_files:scan_sources: tailwindcss_oxide::scanner: Discovering "/Users/mikeblackhat/Spotify-clone v0.0.2/components/ui"
2025-05-22T16:57:31.998510Z  INFO get_files:scan_sources: tailwindcss_oxide::scanner: Discovering "/Users/mikeblackhat/Spotify-clone v0.0.2/public"
2025-05-22T16:57:31.998535Z  INFO get_files:scan_sources: tailwindcss_oxide::scanner: Discovering "/Users/mikeblackhat/Spotify-clone v0.0.2/public/songs"
2025-05-22T16:57:31.998621Z  INFO get_files:scan_sources: tailwindcss_oxide::scanner: Discovering "/Users/mikeblackhat/Spotify-clone v0.0.2/hooks"
2025-05-22T16:57:31.998658Z  INFO get_files:scan_sources: tailwindcss_oxide::scanner: Discovering "/Users/mikeblackhat/Spotify-clone v0.0.2/scripts"
2025-05-22T16:57:31.998699Z  INFO get_files:scan_sources: tailwindcss_oxide::scanner: Discovering "/Users/mikeblackhat/Spotify-clone v0.0.2/lib"
2025-05-22T16:57:31.998761Z  INFO get_files:scan_sources: tailwindcss_oxide::scanner: Discovering "/Users/mikeblackhat/Spotify-clone v0.0.2/.vscode"
2025-05-22T16:57:31.998791Z  INFO get_files:scan_sources: tailwindcss_oxide::scanner: Discovering "/Users/mikeblackhat/Spotify-clone v0.0.2/pages"
2025-05-22T16:57:31.998852Z  INFO get_files:scan_sources: tailwindcss_oxide::scanner: exit
2025-05-22T16:57:31.999031Z  INFO get_files: tailwindcss_oxide::scanner: exit
2025-05-22T16:57:32.003876Z  INFO get_globs: tailwindcss_oxide::scanner: enter
2025-05-22T16:57:32.003895Z  INFO get_globs:scan_sources: tailwindcss_oxide::scanner: enter
2025-05-22T16:57:32.004276Z  INFO get_globs:scan_sources: tailwindcss_oxide::scanner: Discovering "/Users/mikeblackhat/Spotify-clone v0.0.2/types"
2025-05-22T16:57:32.004360Z  INFO get_globs:scan_sources: tailwindcss_oxide::scanner: Discovering "/Users/mikeblackhat/Spotify-clone v0.0.2/context"
2025-05-22T16:57:32.004397Z  INFO get_globs:scan_sources: tailwindcss_oxide::scanner: Discovering "/Users/mikeblackhat/Spotify-clone v0.0.2/app"
2025-05-22T16:57:32.004432Z  INFO get_globs:scan_sources: tailwindcss_oxide::scanner: Discovering "/Users/mikeblackhat/Spotify-clone v0.0.2/app/auth"
2025-05-22T16:57:32.004458Z  INFO get_globs:scan_sources: tailwindcss_oxide::scanner: Discovering "/Users/mikeblackhat/Spotify-clone v0.0.2/app/auth/signup"
2025-05-22T16:57:32.004491Z  INFO get_globs:scan_sources: tailwindcss_oxide::scanner: Discovering "/Users/mikeblackhat/Spotify-clone v0.0.2/app/auth/signin"
2025-05-22T16:57:32.004523Z  INFO get_globs:scan_sources: tailwindcss_oxide::scanner: Discovering "/Users/mikeblackhat/Spotify-clone v0.0.2/app/(site)"
2025-05-22T16:57:32.004558Z  INFO get_globs:scan_sources: tailwindcss_oxide::scanner: Discovering "/Users/mikeblackhat/Spotify-clone v0.0.2/app/profile"
2025-05-22T16:57:32.004607Z  INFO get_globs:scan_sources: tailwindcss_oxide::scanner: Discovering "/Users/mikeblackhat/Spotify-clone v0.0.2/app/api"
2025-05-22T16:57:32.004629Z  INFO get_globs:scan_sources: tailwindcss_oxide::scanner: Discovering "/Users/mikeblackhat/Spotify-clone v0.0.2/app/api/auth"
2025-05-22T16:57:32.004654Z  INFO get_globs:scan_sources: tailwindcss_oxide::scanner: Discovering "/Users/mikeblackhat/Spotify-clone v0.0.2/app/api/auth/register"
2025-05-22T16:57:32.004696Z  INFO get_globs:scan_sources: tailwindcss_oxide::scanner: Discovering "/Users/mikeblackhat/Spotify-clone v0.0.2/app/api/auth/[...nextauth]"
2025-05-22T16:57:32.004730Z  INFO get_globs:scan_sources: tailwindcss_oxide::scanner: Discovering "/Users/mikeblackhat/Spotify-clone v0.0.2/app/account"
2025-05-22T16:57:32.004758Z  INFO get_globs:scan_sources: tailwindcss_oxide::scanner: Discovering "/Users/mikeblackhat/Spotify-clone v0.0.2/app/(auth)"
2025-05-22T16:57:32.004806Z  INFO get_globs:scan_sources: tailwindcss_oxide::scanner: Discovering "/Users/mikeblackhat/Spotify-clone v0.0.2/config"
2025-05-22T16:57:32.004868Z  INFO get_globs:scan_sources: tailwindcss_oxide::scanner: Discovering "/Users/mikeblackhat/Spotify-clone v0.0.2/models"
2025-05-22T16:57:32.004920Z  INFO get_globs:scan_sources: tailwindcss_oxide::scanner: Discovering "/Users/mikeblackhat/Spotify-clone v0.0.2/components"
2025-05-22T16:57:32.004948Z  INFO get_globs:scan_sources: tailwindcss_oxide::scanner: Discovering "/Users/mikeblackhat/Spotify-clone v0.0.2/components/ui"
2025-05-22T16:57:32.005035Z  INFO get_globs:scan_sources: tailwindcss_oxide::scanner: Discovering "/Users/mikeblackhat/Spotify-clone v0.0.2/public"
2025-05-22T16:57:32.005059Z  INFO get_globs:scan_sources: tailwindcss_oxide::scanner: Discovering "/Users/mikeblackhat/Spotify-clone v0.0.2/public/songs"
2025-05-22T16:57:32.005137Z  INFO get_globs:scan_sources: tailwindcss_oxide::scanner: Discovering "/Users/mikeblackhat/Spotify-clone v0.0.2/hooks"
2025-05-22T16:57:32.005169Z  INFO get_globs:scan_sources: tailwindcss_oxide::scanner: Discovering "/Users/mikeblackhat/Spotify-clone v0.0.2/scripts"
2025-05-22T16:57:32.005205Z  INFO get_globs:scan_sources: tailwindcss_oxide::scanner: Discovering "/Users/mikeblackhat/Spotify-clone v0.0.2/lib"
2025-05-22T16:57:32.005260Z  INFO get_globs:scan_sources: tailwindcss_oxide::scanner: Discovering "/Users/mikeblackhat/Spotify-clone v0.0.2/.vscode"
2025-05-22T16:57:32.005295Z  INFO get_globs:scan_sources: tailwindcss_oxide::scanner: Discovering "/Users/mikeblackhat/Spotify-clone v0.0.2/pages"
2025-05-22T16:57:32.005353Z  INFO get_globs:scan_sources: tailwindcss_oxide::scanner: exit
2025-05-22T16:57:32.006880Z  INFO get_globs: tailwindcss_oxide::scanner: exit
2025-05-22T16:57:34.974542Z  INFO scan_sources: tailwindcss_oxide::scanner: enter
2025-05-22T16:57:34.975038Z  INFO scan_sources: tailwindcss_oxide::scanner: Discovering "/Users/mikeblackhat/Spotify-clone v0.0.2/types"
2025-05-22T16:57:34.975135Z  INFO scan_sources: tailwindcss_oxide::scanner: Discovering "/Users/mikeblackhat/Spotify-clone v0.0.2/context"
2025-05-22T16:57:34.975179Z  INFO scan_sources: tailwindcss_oxide::scanner: Discovering "/Users/mikeblackhat/Spotify-clone v0.0.2/app"
2025-05-22T16:57:34.975218Z  INFO scan_sources: tailwindcss_oxide::scanner: Discovering "/Users/mikeblackhat/Spotify-clone v0.0.2/app/auth"
2025-05-22T16:57:34.975252Z  INFO scan_sources: tailwindcss_oxide::scanner: Discovering "/Users/mikeblackhat/Spotify-clone v0.0.2/app/auth/signup"
2025-05-22T16:57:34.975293Z  INFO scan_sources: tailwindcss_oxide::scanner: Discovering "/Users/mikeblackhat/Spotify-clone v0.0.2/app/auth/signin"
2025-05-22T16:57:34.975332Z  INFO scan_sources: tailwindcss_oxide::scanner: Discovering "/Users/mikeblackhat/Spotify-clone v0.0.2/app/(site)"
2025-05-22T16:57:34.975375Z  INFO scan_sources: tailwindcss_oxide::scanner: Discovering "/Users/mikeblackhat/Spotify-clone v0.0.2/app/profile"
2025-05-22T16:57:34.975423Z  INFO scan_sources: tailwindcss_oxide::scanner: Discovering "/Users/mikeblackhat/Spotify-clone v0.0.2/app/api"
2025-05-22T16:57:34.975446Z  INFO scan_sources: tailwindcss_oxide::scanner: Discovering "/Users/mikeblackhat/Spotify-clone v0.0.2/app/api/auth"
2025-05-22T16:57:34.975479Z  INFO scan_sources: tailwindcss_oxide::scanner: Discovering "/Users/mikeblackhat/Spotify-clone v0.0.2/app/api/auth/register"
2025-05-22T16:57:34.975516Z  INFO scan_sources: tailwindcss_oxide::scanner: Discovering "/Users/mikeblackhat/Spotify-clone v0.0.2/app/api/auth/[...nextauth]"
2025-05-22T16:57:34.975566Z  INFO scan_sources: tailwindcss_oxide::scanner: Discovering "/Users/mikeblackhat/Spotify-clone v0.0.2/app/account"
2025-05-22T16:57:34.975601Z  INFO scan_sources: tailwindcss_oxide::scanner: Discovering "/Users/mikeblackhat/Spotify-clone v0.0.2/app/(auth)"
2025-05-22T16:57:34.975654Z  INFO scan_sources: tailwindcss_oxide::scanner: Discovering "/Users/mikeblackhat/Spotify-clone v0.0.2/config"
2025-05-22T16:57:34.975727Z  INFO scan_sources: tailwindcss_oxide::scanner: Discovering "/Users/mikeblackhat/Spotify-clone v0.0.2/models"
2025-05-22T16:57:34.975790Z  INFO scan_sources: tailwindcss_oxide::scanner: Discovering "/Users/mikeblackhat/Spotify-clone v0.0.2/components"
2025-05-22T16:57:34.975825Z  INFO scan_sources: tailwindcss_oxide::scanner: Discovering "/Users/mikeblackhat/Spotify-clone v0.0.2/components/ui"
2025-05-22T16:57:34.975918Z  INFO scan_sources: tailwindcss_oxide::scanner: Discovering "/Users/mikeblackhat/Spotify-clone v0.0.2/public"
2025-05-22T16:57:34.975948Z  INFO scan_sources: tailwindcss_oxide::scanner: Discovering "/Users/mikeblackhat/Spotify-clone v0.0.2/public/songs"
2025-05-22T16:57:34.976030Z  INFO scan_sources: tailwindcss_oxide::scanner: Discovering "/Users/mikeblackhat/Spotify-clone v0.0.2/hooks"
2025-05-22T16:57:34.976068Z  INFO scan_sources: tailwindcss_oxide::scanner: Discovering "/Users/mikeblackhat/Spotify-clone v0.0.2/scripts"
2025-05-22T16:57:34.976102Z  INFO scan_sources: tailwindcss_oxide::scanner: Discovering "/Users/mikeblackhat/Spotify-clone v0.0.2/lib"
2025-05-22T16:57:34.976170Z  INFO scan_sources: tailwindcss_oxide::scanner: Discovering "/Users/mikeblackhat/Spotify-clone v0.0.2/.vscode"
2025-05-22T16:57:34.976209Z  INFO scan_sources: tailwindcss_oxide::scanner: Discovering "/Users/mikeblackhat/Spotify-clone v0.0.2/pages"
2025-05-22T16:57:34.976265Z  INFO scan_sources: tailwindcss_oxide::scanner: exit
2025-05-22T16:57:34.976269Z  INFO extract_candidates: tailwindcss_oxide::scanner: enter
2025-05-22T16:57:34.976272Z  INFO extract_candidates:read_all_files: tailwindcss_oxide::scanner: enter
2025-05-22T16:57:34.976274Z  INFO extract_candidates:read_all_files: tailwindcss_oxide::scanner: Reading 0 file(s)
2025-05-22T16:57:34.976278Z  INFO extract_candidates:read_all_files: tailwindcss_oxide::scanner: exit
2025-05-22T16:57:34.976281Z  INFO extract_candidates:parse_all_blobs: tailwindcss_oxide::scanner: enter
2025-05-22T16:57:34.976283Z  INFO extract_candidates:parse_all_blobs:extract: tailwindcss_oxide::scanner: enter
2025-05-22T16:57:34.976286Z  INFO extract_candidates:parse_all_blobs:extract: tailwindcss_oxide::scanner: exit
2025-05-22T16:57:34.976289Z  INFO extract_candidates:parse_all_blobs: tailwindcss_oxide::scanner: exit
2025-05-22T16:57:34.976292Z  INFO extract_candidates: tailwindcss_oxide::scanner: exit
2025-05-22T16:57:34.976559Z  INFO get_files: tailwindcss_oxide::scanner: enter
2025-05-22T16:57:34.976563Z  INFO get_files:scan_sources: tailwindcss_oxide::scanner: enter
2025-05-22T16:57:34.976973Z  INFO get_files:scan_sources: tailwindcss_oxide::scanner: Discovering "/Users/mikeblackhat/Spotify-clone v0.0.2/types"
2025-05-22T16:57:34.977102Z  INFO get_files:scan_sources: tailwindcss_oxide::scanner: Discovering "/Users/mikeblackhat/Spotify-clone v0.0.2/context"
2025-05-22T16:57:34.977157Z  INFO get_files:scan_sources: tailwindcss_oxide::scanner: Discovering "/Users/mikeblackhat/Spotify-clone v0.0.2/app"
2025-05-22T16:57:34.977197Z  INFO get_files:scan_sources: tailwindcss_oxide::scanner: Discovering "/Users/mikeblackhat/Spotify-clone v0.0.2/app/auth"
2025-05-22T16:57:34.977228Z  INFO get_files:scan_sources: tailwindcss_oxide::scanner: Discovering "/Users/mikeblackhat/Spotify-clone v0.0.2/app/auth/signup"
2025-05-22T16:57:34.977264Z  INFO get_files:scan_sources: tailwindcss_oxide::scanner: Discovering "/Users/mikeblackhat/Spotify-clone v0.0.2/app/auth/signin"
2025-05-22T16:57:34.977297Z  INFO get_files:scan_sources: tailwindcss_oxide::scanner: Discovering "/Users/mikeblackhat/Spotify-clone v0.0.2/app/(site)"
2025-05-22T16:57:34.977332Z  INFO get_files:scan_sources: tailwindcss_oxide::scanner: Discovering "/Users/mikeblackhat/Spotify-clone v0.0.2/app/profile"
2025-05-22T16:57:34.977390Z  INFO get_files:scan_sources: tailwindcss_oxide::scanner: Discovering "/Users/mikeblackhat/Spotify-clone v0.0.2/app/api"
2025-05-22T16:57:34.977413Z  INFO get_files:scan_sources: tailwindcss_oxide::scanner: Discovering "/Users/mikeblackhat/Spotify-clone v0.0.2/app/api/auth"
2025-05-22T16:57:34.977439Z  INFO get_files:scan_sources: tailwindcss_oxide::scanner: Discovering "/Users/mikeblackhat/Spotify-clone v0.0.2/app/api/auth/register"
2025-05-22T16:57:34.977471Z  INFO get_files:scan_sources: tailwindcss_oxide::scanner: Discovering "/Users/mikeblackhat/Spotify-clone v0.0.2/app/api/auth/[...nextauth]"
2025-05-22T16:57:34.977505Z  INFO get_files:scan_sources: tailwindcss_oxide::scanner: Discovering "/Users/mikeblackhat/Spotify-clone v0.0.2/app/account"
2025-05-22T16:57:34.977533Z  INFO get_files:scan_sources: tailwindcss_oxide::scanner: Discovering "/Users/mikeblackhat/Spotify-clone v0.0.2/app/(auth)"
2025-05-22T16:57:34.977578Z  INFO get_files:scan_sources: tailwindcss_oxide::scanner: Discovering "/Users/mikeblackhat/Spotify-clone v0.0.2/config"
2025-05-22T16:57:34.977638Z  INFO get_files:scan_sources: tailwindcss_oxide::scanner: Discovering "/Users/mikeblackhat/Spotify-clone v0.0.2/models"
2025-05-22T16:57:34.977687Z  INFO get_files:scan_sources: tailwindcss_oxide::scanner: Discovering "/Users/mikeblackhat/Spotify-clone v0.0.2/components"
2025-05-22T16:57:34.977714Z  INFO get_files:scan_sources: tailwindcss_oxide::scanner: Discovering "/Users/mikeblackhat/Spotify-clone v0.0.2/components/ui"
2025-05-22T16:57:34.977796Z  INFO get_files:scan_sources: tailwindcss_oxide::scanner: Discovering "/Users/mikeblackhat/Spotify-clone v0.0.2/public"
2025-05-22T16:57:34.977818Z  INFO get_files:scan_sources: tailwindcss_oxide::scanner: Discovering "/Users/mikeblackhat/Spotify-clone v0.0.2/public/songs"
2025-05-22T16:57:34.977892Z  INFO get_files:scan_sources: tailwindcss_oxide::scanner: Discovering "/Users/mikeblackhat/Spotify-clone v0.0.2/hooks"
2025-05-22T16:57:34.977922Z  INFO get_files:scan_sources: tailwindcss_oxide::scanner: Discovering "/Users/mikeblackhat/Spotify-clone v0.0.2/scripts"
2025-05-22T16:57:34.977955Z  INFO get_files:scan_sources: tailwindcss_oxide::scanner: Discovering "/Users/mikeblackhat/Spotify-clone v0.0.2/lib"
2025-05-22T16:57:34.978008Z  INFO get_files:scan_sources: tailwindcss_oxide::scanner: Discovering "/Users/mikeblackhat/Spotify-clone v0.0.2/.vscode"
2025-05-22T16:57:34.978040Z  INFO get_files:scan_sources: tailwindcss_oxide::scanner: Discovering "/Users/mikeblackhat/Spotify-clone v0.0.2/pages"
2025-05-22T16:57:34.978100Z  INFO get_files:scan_sources: tailwindcss_oxide::scanner: exit
2025-05-22T16:57:34.978158Z  INFO get_files: tailwindcss_oxide::scanner: exit
2025-05-22T16:57:34.978263Z  INFO get_globs: tailwindcss_oxide::scanner: enter
2025-05-22T16:57:34.978270Z  INFO get_globs: tailwindcss_oxide::scanner: exit
